<?xml version="1.0" encoding="UTF-8"?>
<!-- Generated by org.testng.reporters.JUnitReportReporter -->
<testsuite hostname="Roman-PC" name="ua.kh.roma.Login" tests="1" failures="0" timestamp="8 Dec 2014 19:19:34 GMT" time="2.328" errors="0">
  <testcase name="testUntitled" time="2.328" classname="ua.kh.roma.Login"/>
</testsuite> <!-- ua.kh.roma.Login -->
